Image not found: images/welcome.jpg
Image not found: data/images/other/welcome.jpg
Font not found: fonts/Joystix.ttf
Image not found: images/Player/Right_1.png
Image not found: images/Player/Right_1.png
Font not found: fonts/Joystix.ttf
Image not found: data/images/ground.png
Font not found: data/fonts/Joystix.ttf
Font not found: data/fonts/Joystix.ttf
Font not found: data/fonts/Joystix.ttf
Font not found: data/fonts/Joystix.ttf
Font not found: data/fonts/Joystix.ttf
Font not found: data/fonts/Joystix.ttf
Font not found: data/fonts/Joystix.ttf
Font not found: data/fonts/Joystix.ttf
Font not found: data/fonts/Joystix.ttf
Font not found: data/fonts/Joystix.ttf
Font not found: data/fonts/Joystix.ttf
Image not found: data/images/other/menuInGame.jpg
Image not found: data/images/other/welcome.jpg
Image not found: data/images/other/welcome.jpg
Image not found: data/images/other/welcome.png
Image not found: data/images/map/floor1.jpg
Image not found: data/images/map/floor1.jpg
Image not found: data/images/map/floor1.jpg
Image not found: data/images/map/floor1.jpg
Image not found: data/images/map/floor1.jpg
Image not found: data/images/map/floor1.jpg
Image not found: data/images/enemies/normal/birghtrooster.png
Image not found: data/images/enemies/normal/birghtrooster.png
