16/05/2019 20:37:33 → Can't load the game. File Not Found.
16/05/2019 20:40:09 → Can't load the game. File Not Found.
16/05/2019 20:40:37 → Can't load the game. File Not Found.
16/05/2019 20:40:44 → Can't load the game. File Not Found.
16/05/2019 20:41:31 → Can't load the game. File Not Found.
16/05/2019 20:41:32 → Can't load the game. File Not Found.
16/05/2019 20:41:33 → Can't load the game. File Not Found.
16/05/2019 20:41:33 → Can't load the game. File Not Found.
16/05/2019 20:41:33 → Can't load the game. File Not Found.
16/05/2019 20:41:33 → Can't load the game. File Not Found.
16/05/2019 20:41:34 → Can't load the game. File Not Found.
16/05/2019 20:42:32 → Can't load the game. File Not Found data/savedGames/1_game.save.
16/05/2019 20:42:32 → Can't load the game. File Not Found data/savedGames/1_game.save.
16/05/2019 20:42:32 → Can't load the game. File Not Found data/savedGames/1_game.save.
16/05/2019 20:42:32 → Can't load the game. File Not Found data/savedGames/1_game.save.
16/05/2019 20:42:32 → Can't load the game. File Not Found data/savedGames/1_game.save.
16/05/2019 20:42:33 → Can't load the game. File Not Found data/savedGames/1_game.save.
17/05/2019 15:25:59 → Image not found: data/images/other/welcome.jpg
17/05/2019 15:25:59 → Image not found: data/images/other/welcome.jpg
17/05/2019 15:25:59 → Image not found: data/images/other/welcome.jpg
17/05/2019 15:26:38 → Image not found: data/images/other/welcome.jpg
17/05/2019 15:44:32 → Can't load the game. File Not Found data/savedGames/1_game.save
17/05/2019 15:44:32 → Can't load the game. File Not Found data/savedGames/1_game.save
17/05/2019 15:44:33 → Can't load the game. File Not Found data/savedGames/1_game.save
17/05/2019 15:44:33 → Can't load the game. File Not Found data/savedGames/1_game.save
17/05/2019 15:44:35 → Can't load the game. File Not Found data/savedGames/2_game.save
17/05/2019 15:45:07 → Can't load the game. File Not Found data/savedGames/1_game.save
17/05/2019 15:45:08 → Can't load the game. File Not Found data/savedGames/1_game.save
17/05/2019 15:45:10 → Can't load the game. File Not Found data/savedGames/1_game.save
17/05/2019 15:45:10 → Can't load the game. File Not Found data/savedGames/1_game.save
17/05/2019 15:45:10 → Can't load the game. File Not Found data/savedGames/1_game.save
17/05/2019 15:45:11 → Can't load the game. File Not Found data/savedGames/1_game.save
17/05/2019 15:45:11 → Can't load the game. File Not Found data/savedGames/1_game.save
17/05/2019 15:45:11 → Can't load the game. File Not Found data/savedGames/1_game.save
22/05/2019 20:10:17 → Image not found: data/images/other/welcome.png
22/05/2019 20:32:11 → Can't load the game. File Not Found data/savedGames/3_game.save
<<<<<<< HEAD
23/05/2019 19:56:21 → Image not found: data/images/map/floor1.jpg
23/05/2019 20:12:50 → Image not found: data/images/map/floor1.jpg
23/05/2019 20:13:16 → Image not found: data/images/map/floor1.jpg
23/05/2019 20:13:50 → Image not found: data/images/map/floor1.jpg
23/05/2019 20:15:58 → Image not found: data/images/map/floor1.jpg
23/05/2019 20:16:56 → Image not found: data/images/map/floor1.jpg
23/05/2019 20:18:48 → Can't load the game. File Not Found data/savedGames/3_game.save
=======
23/05/2019 20:01:36 → Can't load the game. File Not Found data/savedGames/3_game.save
23/05/2019 20:23:12 → Can't load the game. File Not Found data/savedGames/1_game.save
>>>>>>> master
23/05/2019 20:46:00 → Image not found: data/images/enemies/normal/birghtrooster.png
23/05/2019 20:51:33 → Image not found: data/images/enemies/normal/birghtrooster.png
